<?xml version="1.0" encoding="UTF-8"?>
<testng-results ignored="1" total="4" passed="3" failed="0" skipped="0">
  <reporter-output>
    <line>
      <![CDATA[calls]]>
    </line>
    <line>
      <![CDATA[calls]]>
    </line>
    <line>
      <![CDATA[calls]]>
    </line>
  </reporter-output>
  <suite started-at="2022-05-07T09:03:48 IST" name="Default suite" finished-at="2022-05-07T09:03:48 IST" duration-ms="60">
    <groups>
    </groups>
    <test started-at="2022-05-07T09:03:48 IST" name="Default test" finished-at="2022-05-07T09:03:48 IST" duration-ms="60">
      <class name="testng.Test1">
        <test-method signature="settings()[pri:-1, instance:testng.Test1@140c9f39]" started-at="2022-05-07T09:03:48 IST" name="settings" finished-at="2022-05-07T09:03:48 IST" duration-ms="9" status="PASS">
          <reporter-output>
            <line>
              <![CDATA[calls]]>
            </line>
          </reporter-output>
        </test-method> <!-- settings -->
        <test-method signature="calls()[pri:0, instance:testng.Test1@140c9f39]" started-at="2022-05-07T09:03:48 IST" name="calls" finished-at="2022-05-07T09:03:48 IST" duration-ms="1" status="PASS">
          <reporter-output>
            <line>
              <![CDATA[calls]]>
            </line>
          </reporter-output>
        </test-method> <!-- calls -->
        <test-method signature="calls()[pri:0, instance:testng.Test1@140c9f39]" started-at="2022-05-07T09:03:48 IST" name="calls" finished-at="2022-05-07T09:03:48 IST" duration-ms="2" status="PASS">
          <reporter-output>
            <line>
              <![CDATA[calls]]>
            </line>
          </reporter-output>
        </test-method> <!-- calls -->
      </class> <!-- testng.Test1 -->
    </test> <!-- Default test -->
  </suite> <!-- Default suite -->
</testng-results>
