<?xml version="1.0" encoding="UTF-8"?>
<!-- Generated by org.testng.reporters.JUnitXMLReporter -->
<testsuite ignored="1" hostname="LIN83006556" failures="0" tests="3" name="Default test" time="0.06" errors="0" timestamp="2022-05-07T09:03:48 IST">
  <testcase classname="testng.Test1" name="settings" time="0.009"/>
  <testcase classname="testng.Test1" name="calls" time="0.001"/>
  <testcase classname="testng.Test1" name="calls" time="0.002"/>
  <testcase classname="testng.Test1" name="chats" time="0.0">
    <ignored/>
  </testcase> <!-- chats -->
</testsuite> <!-- Default test -->
